Post Processor Report
OrCAD FILE: D:\UTENTI\00.LAVORI IN CORSO\METALTRONICA\23-325-0\23-325-0.MAX
Mon Jul 29 15:27:45 2024

*********************************************************

Output file: D:\UTENTI\00.LAVORI IN CORSO\METALTRONICA\23-325-0\23-325-0.TOP

Aperture totals for D:\UTENTI\00.LAVORI IN CORSO\METALTRONICA\23-325-0\23-325-0.TOP:
---------------------------------------------------------
D10:  0.1260 ROUND  --       0 Draws,       4 Flashes
D11:  0.0394 ROUND  --       0 Draws,       3 Flashes
D12:  0.1378 x 0.0787 RECTANGLE -----       2 Flashes
D13:  0.0380 x 0.0320 RECTANGLE -----     118 Flashes
D14:  0.0501 x 0.0404 RECTANGLE -----      26 Flashes
D15:  0.1100 x 0.0850 RECTANGLE -----       6 Flashes
D16:  0.0320 x 0.0380 RECTANGLE -----     212 Flashes
D17:  0.1060 x 0.1180 RECTANGLE -----       2 Flashes
D18:  0.1260 x 0.0630 RECTANGLE -----       4 Flashes
D19:  0.0400 x 0.0710 RECTANGLE -----      46 Flashes
D20:  0.1575 x 0.0787 RECTANGLE -----       2 Flashes
D21:  0.0630 x 0.1102 RECTANGLE -----       2 Flashes
D22:  0.0630 x 0.0984 RECTANGLE -----       2 Flashes
D23:  0.0404 x 0.0501 RECTANGLE -----      20 Flashes
D24:  0.0400 x 0.0500 RECTANGLE -----      24 Flashes
D25:  0.1080 x 0.0850 RECTANGLE -----      10 Flashes
D26:  0.0315 x 0.0197 RECTANGLE -----      34 Flashes
D27:  0.1500 x 0.1670 RECTANGLE -----       2 Flashes
D28:  0.1000 ROUND  --       0 Draws,       6 Flashes
D29:  0.0590 ROUND  --       0 Draws,      14 Flashes
D30:  0.0649 x 0.0512 RECTANGLE -----       2 Flashes
D31:  0.0118 x 0.0394 RECTANGLE -----      20 Flashes
D32:  0.0590 SQUARE --       0 Draws,       1 Flashes
D33:  0.0630 ROUND  --       0 Draws,       7 Flashes
D34:  0.0630 SQUARE --       0 Draws,       1 Flashes
D35:  0.0512 ROUND  --       0 Draws,       2 Flashes
D36:  0.0512 SQUARE --       0 Draws,       1 Flashes
D37:  0.0787 ROUND  --       0 Draws,      26 Flashes
D38:  0.0787 SQUARE --       0 Draws,       3 Flashes
D39:  0.0236 x 0.0413 RECTANGLE -----       4 Flashes
D40:  0.0197 SQUARE --       0 Draws,       4 Flashes
D41:  0.1417 x 0.0708 RECTANGLE -----       2 Flashes
D42:  0.0187 ROUND  --       0 Draws,       2 Flashes
D43:  0.0354 x 0.0236 RECTANGLE -----       4 Flashes
D44:  0.0453 x 0.0275 RECTANGLE -----       4 Flashes
D45:  0.0500 x 0.0400 RECTANGLE -----      48 Flashes
D46:  0.1181 x 0.0590 RECTANGLE -----       2 Flashes
D47:  0.0710 x 0.0400 RECTANGLE -----      24 Flashes
D48:  0.0866 x 0.0630 RECTANGLE -----      12 Flashes
D49:  0.0276 x 0.0197 RECTANGLE -----      16 Flashes
D50:  0.0197 x 0.0276 RECTANGLE -----       4 Flashes
D51:  0.0850 x 0.1080 RECTANGLE -----      12 Flashes
D52:  0.0118 x 0.0571 RECTANGLE -----      10 Flashes
D53:  0.0512 x 0.0354 RECTANGLE -----      32 Flashes
D54:  0.0236 ROUND  --       0 Draws,     166 Flashes
D55:  0.0236 x 0.0610 RECTANGLE -----       8 Flashes
D56:  0.0256 x 0.0650 OBLONG    -----      40 Flashes
D57:  0.0590 x 0.0118 OBLONG    -----      42 Flashes
D58:  0.0512 x 0.0236 RECTANGLE -----       8 Flashes
D59:  0.0400 ROUND  --       0 Draws,      42 Flashes
D60:  0.0669 x 0.0276 RECTANGLE -----      40 Flashes
D61:  0.0850 x 0.0420 RECTANGLE -----       3 Flashes
D62:  0.4100 x 0.4250 RECTANGLE -----       1 Flashes
D63:  0.0800 ROUND  --       0 Draws,       2 Flashes
D64:  0.1500 x 0.0820 RECTANGLE -----       6 Flashes
D65:  0.3500 x 0.4500 RECTANGLE -----       2 Flashes
D66:  0.0680 x 0.1580 RECTANGLE -----       1 Flashes
D67:  0.0680 x 0.0550 RECTANGLE -----       3 Flashes
D68:  0.0700 x 0.0110 OBLONG    -----      28 Flashes
D69:  0.0700 x 0.0110 RECTANGLE -----       4 Flashes
D70:  0.0110 x 0.0700 OBLONG    -----      29 Flashes
D71:  0.0110 x 0.0700 RECTANGLE -----       3 Flashes
D72:  0.0100 ROUND  --   19422 Draws,       0 Flashes
D73:  0.0060 ROUND  --     415 Draws,       0 Flashes
D74:  0.0050 ROUND  --     126 Draws,       0 Flashes
D75:  0.0010 ROUND  --     413 Draws,       0 Flashes
D76:  0.0500 ROUND  --      65 Draws,       0 Flashes
D77:  0.0236 ROUND  --       0 Draws,     380 Flashes
D78:  0.0250 ROUND  --     377 Draws,       0 Flashes
D79:  0.0110 ROUND  --      12 Draws,       0 Flashes
D80:  0.0300 ROUND  --      57 Draws,       0 Flashes
D81:  0.0120 ROUND  --       9 Draws,       0 Flashes
D82:  0.0150 ROUND  --      24 Draws,       0 Flashes
D83:  0.0600 ROUND  --       6 Draws,       0 Flashes
D84:  0.0400 ROUND  --      38 Draws,       0 Flashes
D85:  0.0800 ROUND  --       2 Draws,       0 Flashes
D86:  0.0080 ROUND  --      34 Draws,       0 Flashes
D87:  0.0236 ROUND  --       0 Draws,       4 Flashes
---------------------------------------------------------
 78 D-Codes      -----   21000 Draws,    1594 Flashes

*********************************************************

Output file: D:\UTENTI\00.LAVORI IN CORSO\METALTRONICA\23-325-0\23-325-0.BOT

Aperture totals for D:\UTENTI\00.LAVORI IN CORSO\METALTRONICA\23-325-0\23-325-0.BOT:
---------------------------------------------------------
D10:  0.1260 ROUND  --       0 Draws,       4 Flashes
D28:  0.1000 ROUND  --       0 Draws,       6 Flashes
D29:  0.0590 ROUND  --       0 Draws,      14 Flashes
D32:  0.0590 SQUARE --       0 Draws,       1 Flashes
D33:  0.0630 ROUND  --       0 Draws,       7 Flashes
D34:  0.0630 SQUARE --       0 Draws,       1 Flashes
D35:  0.0512 ROUND  --       0 Draws,       2 Flashes
D36:  0.0512 SQUARE --       0 Draws,       1 Flashes
D37:  0.0787 ROUND  --       0 Draws,      26 Flashes
D38:  0.0787 SQUARE --       0 Draws,       3 Flashes
D54:  0.0236 ROUND  --       0 Draws,     166 Flashes
D59:  0.0400 ROUND  --       0 Draws,      42 Flashes
D63:  0.0800 ROUND  --       0 Draws,       2 Flashes
D72:  0.0100 ROUND  --   11849 Draws,       0 Flashes
D73:  0.0060 ROUND  --      21 Draws,       0 Flashes
D77:  0.0236 ROUND  --       0 Draws,     321 Flashes
D78:  0.0250 ROUND  --      57 Draws,       0 Flashes
D83:  0.0600 ROUND  --       3 Draws,       0 Flashes
D84:  0.0400 ROUND  --       5 Draws,       0 Flashes
D87:  0.0236 ROUND  --       0 Draws,      60 Flashes
D88:  0.0236 ROUND  --       0 Draws,       3 Flashes
---------------------------------------------------------
 21 D-Codes      -----   11935 Draws,     659 Flashes

*********************************************************

Output file: D:\UTENTI\00.LAVORI IN CORSO\METALTRONICA\23-325-0\23-325-0.IN1

Aperture totals for D:\UTENTI\00.LAVORI IN CORSO\METALTRONICA\23-325-0\23-325-0.IN1:
---------------------------------------------------------
D10:  0.1260 ROUND  --       0 Draws,       4 Flashes
D28:  0.1000 ROUND  --       0 Draws,       6 Flashes
D29:  0.0590 ROUND  --       0 Draws,      14 Flashes
D32:  0.0590 SQUARE --       0 Draws,       1 Flashes
D33:  0.0630 ROUND  --       0 Draws,       7 Flashes
D34:  0.0630 SQUARE --       0 Draws,       1 Flashes
D35:  0.0512 ROUND  --       0 Draws,       2 Flashes
D36:  0.0512 SQUARE --       0 Draws,       1 Flashes
D37:  0.0787 ROUND  --       0 Draws,      26 Flashes
D38:  0.0787 SQUARE --       0 Draws,       3 Flashes
D54:  0.0236 ROUND  --       0 Draws,     166 Flashes
D59:  0.0400 ROUND  --       0 Draws,      42 Flashes
D63:  0.0800 ROUND  --       0 Draws,       2 Flashes
D72:  0.0100 ROUND  --    8580 Draws,       0 Flashes
D87:  0.0236 ROUND  --       0 Draws,     321 Flashes
D88:  0.0236 ROUND  --       0 Draws,      63 Flashes
---------------------------------------------------------
 16 D-Codes      -----    8580 Draws,     659 Flashes

*********************************************************

Output file: D:\UTENTI\00.LAVORI IN CORSO\METALTRONICA\23-325-0\23-325-0.IN2

Aperture totals for D:\UTENTI\00.LAVORI IN CORSO\METALTRONICA\23-325-0\23-325-0.IN2:
---------------------------------------------------------
D10:  0.1260 ROUND  --       0 Draws,       4 Flashes
D28:  0.1000 ROUND  --       0 Draws,       6 Flashes
D29:  0.0590 ROUND  --       0 Draws,      14 Flashes
D32:  0.0590 SQUARE --       0 Draws,       1 Flashes
D33:  0.0630 ROUND  --       0 Draws,       7 Flashes
D34:  0.0630 SQUARE --       0 Draws,       1 Flashes
D35:  0.0512 ROUND  --       0 Draws,       2 Flashes
D36:  0.0512 SQUARE --       0 Draws,       1 Flashes
D37:  0.0787 ROUND  --       0 Draws,      26 Flashes
D38:  0.0787 SQUARE --       0 Draws,       3 Flashes
D54:  0.0236 ROUND  --       0 Draws,     166 Flashes
D59:  0.0400 ROUND  --       0 Draws,      42 Flashes
D63:  0.0800 ROUND  --       0 Draws,       2 Flashes
D72:  0.0100 ROUND  --     135 Draws,       0 Flashes
D77:  0.0236 ROUND  --       0 Draws,     269 Flashes
D78:  0.0250 ROUND  --      39 Draws,       0 Flashes
D84:  0.0400 ROUND  --       6 Draws,       0 Flashes
D87:  0.0236 ROUND  --       0 Draws,     112 Flashes
D88:  0.0236 ROUND  --       0 Draws,       3 Flashes
---------------------------------------------------------
 19 D-Codes      -----     180 Draws,     659 Flashes

*********************************************************

Output file: D:\UTENTI\00.LAVORI IN CORSO\METALTRONICA\23-325-0\23-325-0.SMT

Aperture totals for D:\UTENTI\00.LAVORI IN CORSO\METALTRONICA\23-325-0\23-325-0.SMT:
---------------------------------------------------------
D12:  0.1378 x 0.0787 RECTANGLE -----       2 Flashes
D13:  0.0380 x 0.0320 RECTANGLE -----     118 Flashes
D14:  0.0501 x 0.0404 RECTANGLE -----      26 Flashes
D15:  0.1100 x 0.0850 RECTANGLE -----       6 Flashes
D16:  0.0320 x 0.0380 RECTANGLE -----     212 Flashes
D17:  0.1060 x 0.1180 RECTANGLE -----       2 Flashes
D18:  0.1260 x 0.0630 RECTANGLE -----       4 Flashes
D19:  0.0400 x 0.0710 RECTANGLE -----      46 Flashes
D20:  0.1575 x 0.0787 RECTANGLE -----       2 Flashes
D21:  0.0630 x 0.1102 RECTANGLE -----       2 Flashes
D22:  0.0630 x 0.0984 RECTANGLE -----       2 Flashes
D23:  0.0404 x 0.0501 RECTANGLE -----      20 Flashes
D24:  0.0400 x 0.0500 RECTANGLE -----      24 Flashes
D25:  0.1080 x 0.0850 RECTANGLE -----      10 Flashes
D26:  0.0315 x 0.0197 RECTANGLE -----      34 Flashes
D27:  0.1500 x 0.1670 RECTANGLE -----       2 Flashes
D28:  0.1000 ROUND  --       0 Draws,       6 Flashes
D29:  0.0590 ROUND  --       0 Draws,      16 Flashes
D30:  0.0649 x 0.0512 RECTANGLE -----       2 Flashes
D31:  0.0118 x 0.0394 RECTANGLE -----      20 Flashes
D32:  0.0590 SQUARE --       0 Draws,       1 Flashes
D33:  0.0630 ROUND  --       0 Draws,       7 Flashes
D34:  0.0630 SQUARE --       0 Draws,       1 Flashes
D35:  0.0512 ROUND  --       0 Draws,       2 Flashes
D36:  0.0512 SQUARE --       0 Draws,       1 Flashes
D37:  0.0787 ROUND  --       0 Draws,      26 Flashes
D38:  0.0787 SQUARE --       0 Draws,       3 Flashes
D39:  0.0236 x 0.0413 RECTANGLE -----       4 Flashes
D40:  0.0197 SQUARE --       0 Draws,       4 Flashes
D41:  0.1417 x 0.0708 RECTANGLE -----       2 Flashes
D45:  0.0500 x 0.0400 RECTANGLE -----      48 Flashes
D46:  0.1181 x 0.0590 RECTANGLE -----       2 Flashes
D47:  0.0710 x 0.0400 RECTANGLE -----      24 Flashes
D48:  0.0866 x 0.0630 RECTANGLE -----      12 Flashes
D51:  0.0850 x 0.1080 RECTANGLE -----      12 Flashes
D52:  0.0118 x 0.0571 RECTANGLE -----      10 Flashes
D53:  0.0512 x 0.0354 RECTANGLE -----      32 Flashes
D55:  0.0236 x 0.0610 RECTANGLE -----       8 Flashes
D56:  0.0256 x 0.0650 OBLONG    -----      40 Flashes
D57:  0.0590 x 0.0118 OBLONG    -----      42 Flashes
D58:  0.0512 x 0.0236 RECTANGLE -----       8 Flashes
D60:  0.0669 x 0.0276 RECTANGLE -----      40 Flashes
D61:  0.0850 x 0.0420 RECTANGLE -----       3 Flashes
D62:  0.4100 x 0.4250 RECTANGLE -----       1 Flashes
D63:  0.0800 ROUND  --       0 Draws,       2 Flashes
D64:  0.1500 x 0.0820 RECTANGLE -----       6 Flashes
D65:  0.3500 x 0.4500 RECTANGLE -----       2 Flashes
D66:  0.0680 x 0.1580 RECTANGLE -----       1 Flashes
D67:  0.0680 x 0.0550 RECTANGLE -----       3 Flashes
D68:  0.0700 x 0.0110 OBLONG    -----      28 Flashes
D69:  0.0700 x 0.0110 RECTANGLE -----       4 Flashes
D70:  0.0110 x 0.0700 OBLONG    -----      29 Flashes
D71:  0.0110 x 0.0700 RECTANGLE -----       3 Flashes
D72:  0.0100 ROUND  --     785 Draws,       0 Flashes
D73:  0.0060 ROUND  --     652 Draws,       0 Flashes
D74:  0.0050 ROUND  --     160 Draws,       0 Flashes
D75:  0.0010 ROUND  --     425 Draws,       0 Flashes
D89:  0.0512 x 0.0334 RECTANGLE -----       4 Flashes
D90:  0.0315 x 0.0236 RECTANGLE -----      16 Flashes
D91:  0.0236 x 0.0315 RECTANGLE -----       4 Flashes
---------------------------------------------------------
 60 D-Codes      -----    2022 Draws,     991 Flashes

*********************************************************

Output file: D:\UTENTI\00.LAVORI IN CORSO\METALTRONICA\23-325-0\23-325-0.SMB

Aperture totals for D:\UTENTI\00.LAVORI IN CORSO\METALTRONICA\23-325-0\23-325-0.SMB:
---------------------------------------------------------
D28:  0.1000 ROUND  --       0 Draws,       6 Flashes
D29:  0.0590 ROUND  --       0 Draws,      13 Flashes
D32:  0.0590 SQUARE --       0 Draws,       1 Flashes
D33:  0.0630 ROUND  --       0 Draws,       7 Flashes
D34:  0.0630 SQUARE --       0 Draws,       1 Flashes
D35:  0.0512 ROUND  --       0 Draws,       2 Flashes
D36:  0.0512 SQUARE --       0 Draws,       1 Flashes
D37:  0.0787 ROUND  --       0 Draws,      26 Flashes
D38:  0.0787 SQUARE --       0 Draws,       3 Flashes
D63:  0.0800 ROUND  --       0 Draws,       2 Flashes
D72:  0.0100 ROUND  --     947 Draws,       0 Flashes
---------------------------------------------------------
 11 D-Codes      -----     947 Draws,      62 Flashes

*********************************************************

Output file: D:\UTENTI\00.LAVORI IN CORSO\METALTRONICA\23-325-0\23-325-0.SPT

Aperture totals for D:\UTENTI\00.LAVORI IN CORSO\METALTRONICA\23-325-0\23-325-0.SPT:
---------------------------------------------------------
D12:  0.1378 x 0.0787 RECTANGLE -----       2 Flashes
D13:  0.0380 x 0.0320 RECTANGLE -----     118 Flashes
D14:  0.0501 x 0.0404 RECTANGLE -----      26 Flashes
D15:  0.1100 x 0.0850 RECTANGLE -----       6 Flashes
D16:  0.0320 x 0.0380 RECTANGLE -----     212 Flashes
D17:  0.1060 x 0.1180 RECTANGLE -----       2 Flashes
D18:  0.1260 x 0.0630 RECTANGLE -----       4 Flashes
D19:  0.0400 x 0.0710 RECTANGLE -----      46 Flashes
D20:  0.1575 x 0.0787 RECTANGLE -----       2 Flashes
D21:  0.0630 x 0.1102 RECTANGLE -----       2 Flashes
D22:  0.0630 x 0.0984 RECTANGLE -----       2 Flashes
D23:  0.0404 x 0.0501 RECTANGLE -----      20 Flashes
D24:  0.0400 x 0.0500 RECTANGLE -----      24 Flashes
D25:  0.1080 x 0.0850 RECTANGLE -----      10 Flashes
D26:  0.0315 x 0.0197 RECTANGLE -----      34 Flashes
D27:  0.1500 x 0.1670 RECTANGLE -----       2 Flashes
D30:  0.0649 x 0.0512 RECTANGLE -----       2 Flashes
D31:  0.0118 x 0.0394 RECTANGLE -----      20 Flashes
D39:  0.0236 x 0.0413 RECTANGLE -----       4 Flashes
D41:  0.1417 x 0.0708 RECTANGLE -----       2 Flashes
D43:  0.0354 x 0.0236 RECTANGLE -----       4 Flashes
D45:  0.0500 x 0.0400 RECTANGLE -----      48 Flashes
D46:  0.1181 x 0.0590 RECTANGLE -----       2 Flashes
D47:  0.0710 x 0.0400 RECTANGLE -----      24 Flashes
D48:  0.0866 x 0.0630 RECTANGLE -----      12 Flashes
D51:  0.0850 x 0.1080 RECTANGLE -----      12 Flashes
D52:  0.0118 x 0.0571 RECTANGLE -----      10 Flashes
D53:  0.0512 x 0.0354 RECTANGLE -----      32 Flashes
D55:  0.0236 x 0.0610 RECTANGLE -----       8 Flashes
D56:  0.0256 x 0.0650 OBLONG    -----      40 Flashes
D57:  0.0590 x 0.0118 OBLONG    -----      42 Flashes
D58:  0.0512 x 0.0236 RECTANGLE -----       8 Flashes
D60:  0.0669 x 0.0276 RECTANGLE -----      40 Flashes
D61:  0.0850 x 0.0420 RECTANGLE -----       3 Flashes
D64:  0.1500 x 0.0820 RECTANGLE -----       6 Flashes
D66:  0.0680 x 0.1580 RECTANGLE -----       1 Flashes
D67:  0.0680 x 0.0550 RECTANGLE -----       3 Flashes
D68:  0.0700 x 0.0110 OBLONG    -----      28 Flashes
D69:  0.0700 x 0.0110 RECTANGLE -----       4 Flashes
D70:  0.0110 x 0.0700 OBLONG    -----      29 Flashes
D71:  0.0110 x 0.0700 RECTANGLE -----       3 Flashes
D72:  0.0100 ROUND  --     711 Draws,       0 Flashes
D73:  0.0060 ROUND  --     652 Draws,       0 Flashes
D74:  0.0050 ROUND  --     380 Draws,       0 Flashes
D75:  0.0010 ROUND  --     792 Draws,       0 Flashes
D92:  0.0413 x 0.0236 RECTANGLE -----       4 Flashes
---------------------------------------------------------
 46 D-Codes      -----    2535 Draws,     903 Flashes

*********************************************************

Output file: D:\UTENTI\00.LAVORI IN CORSO\METALTRONICA\23-325-0\23-325-0.SST

Aperture totals for D:\UTENTI\00.LAVORI IN CORSO\METALTRONICA\23-325-0\23-325-0.SST:
---------------------------------------------------------
D72:  0.0100 ROUND  --     128 Draws,       0 Flashes
D73:  0.0060 ROUND  --   11917 Draws,       0 Flashes
D74:  0.0050 ROUND  --       4 Draws,       0 Flashes
D75:  0.0010 ROUND  --      67 Draws,       0 Flashes
D93:  0.0079 ROUND  --     160 Draws,       0 Flashes
---------------------------------------------------------
  5 D-Codes      -----   12276 Draws,       0 Flashes

*********************************************************

Output file: D:\UTENTI\00.LAVORI IN CORSO\METALTRONICA\23-325-0\23-325-0.AST

Aperture totals for D:\UTENTI\00.LAVORI IN CORSO\METALTRONICA\23-325-0\23-325-0.AST:
---------------------------------------------------------
D30:  0.0649 x 0.0512 RECTANGLE -----       2 Flashes
D31:  0.0118 x 0.0394 RECTANGLE -----      20 Flashes
D48:  0.0866 x 0.0630 RECTANGLE -----      12 Flashes
D55:  0.0236 x 0.0610 RECTANGLE -----       8 Flashes
D56:  0.0256 x 0.0650 OBLONG    -----      40 Flashes
D57:  0.0590 x 0.0118 OBLONG    -----      42 Flashes
D60:  0.0669 x 0.0276 RECTANGLE -----      40 Flashes
D64:  0.1500 x 0.0820 RECTANGLE -----       6 Flashes
D65:  0.3500 x 0.4500 RECTANGLE -----       2 Flashes
D68:  0.0700 x 0.0110 OBLONG    -----      28 Flashes
D69:  0.0700 x 0.0110 RECTANGLE -----       4 Flashes
D70:  0.0110 x 0.0700 OBLONG    -----      29 Flashes
D71:  0.0110 x 0.0700 RECTANGLE -----       3 Flashes
D72:  0.0100 ROUND  --      20 Draws,       0 Flashes
D73:  0.0060 ROUND  --   10763 Draws,       0 Flashes
D75:  0.0010 ROUND  --      67 Draws,       0 Flashes
D93:  0.0079 ROUND  --     332 Draws,       0 Flashes
D94:  0.1420 x 0.0710 RECTANGLE -----       2 Flashes
D95:  0.0118 x 0.0354 RECTANGLE -----      10 Flashes
---------------------------------------------------------
 19 D-Codes      -----   11182 Draws,     248 Flashes

*********************************************************

Output file: D:\UTENTI\00.LAVORI IN CORSO\METALTRONICA\23-325-0\23-325-0.DRD

Aperture totals for D:\UTENTI\00.LAVORI IN CORSO\METALTRONICA\23-325-0\23-325-0.DRD:
---------------------------------------------------------
D72:  0.0100 ROUND  --    2714 Draws,       0 Flashes
---------------------------------------------------------
  1 D-Codes      -----    2714 Draws,       0 Flashes


*********************************************************

Aperture totals for entire project:
---------------------------------------------------------
D10:  0.1260 ROUND  --       0 Draws,      16 Flashes
D11:  0.0394 ROUND  --       0 Draws,       3 Flashes
D12:  0.1378 x 0.0787 RECTANGLE -----       6 Flashes
D13:  0.0380 x 0.0320 RECTANGLE -----     354 Flashes
D14:  0.0501 x 0.0404 RECTANGLE -----      78 Flashes
D15:  0.1100 x 0.0850 RECTANGLE -----      18 Flashes
D16:  0.0320 x 0.0380 RECTANGLE -----     636 Flashes
D17:  0.1060 x 0.1180 RECTANGLE -----       6 Flashes
D18:  0.1260 x 0.0630 RECTANGLE -----      12 Flashes
D19:  0.0400 x 0.0710 RECTANGLE -----     138 Flashes
D20:  0.1575 x 0.0787 RECTANGLE -----       6 Flashes
D21:  0.0630 x 0.1102 RECTANGLE -----       6 Flashes
D22:  0.0630 x 0.0984 RECTANGLE -----       6 Flashes
D23:  0.0404 x 0.0501 RECTANGLE -----      60 Flashes
D24:  0.0400 x 0.0500 RECTANGLE -----      72 Flashes
D25:  0.1080 x 0.0850 RECTANGLE -----      30 Flashes
D26:  0.0315 x 0.0197 RECTANGLE -----     102 Flashes
D27:  0.1500 x 0.1670 RECTANGLE -----       6 Flashes
D28:  0.1000 ROUND  --       0 Draws,      36 Flashes
D29:  0.0590 ROUND  --       0 Draws,      85 Flashes
D30:  0.0649 x 0.0512 RECTANGLE -----       8 Flashes
D31:  0.0118 x 0.0394 RECTANGLE -----      80 Flashes
D32:  0.0590 SQUARE --       0 Draws,       6 Flashes
D33:  0.0630 ROUND  --       0 Draws,      42 Flashes
D34:  0.0630 SQUARE --       0 Draws,       6 Flashes
D35:  0.0512 ROUND  --       0 Draws,      12 Flashes
D36:  0.0512 SQUARE --       0 Draws,       6 Flashes
D37:  0.0787 ROUND  --       0 Draws,     156 Flashes
D38:  0.0787 SQUARE --       0 Draws,      18 Flashes
D39:  0.0236 x 0.0413 RECTANGLE -----      12 Flashes
D40:  0.0197 SQUARE --       0 Draws,       8 Flashes
D41:  0.1417 x 0.0708 RECTANGLE -----       6 Flashes
D42:  0.0187 ROUND  --       0 Draws,       2 Flashes
D43:  0.0354 x 0.0236 RECTANGLE -----       8 Flashes
D44:  0.0453 x 0.0275 RECTANGLE -----       4 Flashes
D45:  0.0500 x 0.0400 RECTANGLE -----     144 Flashes
D46:  0.1181 x 0.0590 RECTANGLE -----       6 Flashes
D47:  0.0710 x 0.0400 RECTANGLE -----      72 Flashes
D48:  0.0866 x 0.0630 RECTANGLE -----      48 Flashes
D49:  0.0276 x 0.0197 RECTANGLE -----      16 Flashes
D50:  0.0197 x 0.0276 RECTANGLE -----       4 Flashes
D51:  0.0850 x 0.1080 RECTANGLE -----      36 Flashes
D52:  0.0118 x 0.0571 RECTANGLE -----      30 Flashes
D53:  0.0512 x 0.0354 RECTANGLE -----      96 Flashes
D54:  0.0236 ROUND  --       0 Draws,     664 Flashes
D55:  0.0236 x 0.0610 RECTANGLE -----      32 Flashes
D56:  0.0256 x 0.0650 OBLONG    -----     160 Flashes
D57:  0.0590 x 0.0118 OBLONG    -----     168 Flashes
D58:  0.0512 x 0.0236 RECTANGLE -----      24 Flashes
D59:  0.0400 ROUND  --       0 Draws,     168 Flashes
D60:  0.0669 x 0.0276 RECTANGLE -----     160 Flashes
D61:  0.0850 x 0.0420 RECTANGLE -----       9 Flashes
D62:  0.4100 x 0.4250 RECTANGLE -----       2 Flashes
D63:  0.0800 ROUND  --       0 Draws,      12 Flashes
D64:  0.1500 x 0.0820 RECTANGLE -----      24 Flashes
D65:  0.3500 x 0.4500 RECTANGLE -----       6 Flashes
D66:  0.0680 x 0.1580 RECTANGLE -----       3 Flashes
D67:  0.0680 x 0.0550 RECTANGLE -----       9 Flashes
D68:  0.0700 x 0.0110 OBLONG    -----     112 Flashes
D69:  0.0700 x 0.0110 RECTANGLE -----      16 Flashes
D70:  0.0110 x 0.0700 OBLONG    -----     116 Flashes
D71:  0.0110 x 0.0700 RECTANGLE -----      12 Flashes
D72:  0.0100 ROUND  --   45291 Draws,       0 Flashes
D73:  0.0060 ROUND  --   24420 Draws,       0 Flashes
D74:  0.0050 ROUND  --     670 Draws,       0 Flashes
D75:  0.0010 ROUND  --    1764 Draws,       0 Flashes
D76:  0.0500 ROUND  --      65 Draws,       0 Flashes
D77:  0.0236 ROUND  --       0 Draws,     970 Flashes
D78:  0.0250 ROUND  --     473 Draws,       0 Flashes
D79:  0.0110 ROUND  --      12 Draws,       0 Flashes
D80:  0.0300 ROUND  --      57 Draws,       0 Flashes
D81:  0.0120 ROUND  --       9 Draws,       0 Flashes
D82:  0.0150 ROUND  --      24 Draws,       0 Flashes
D83:  0.0600 ROUND  --       9 Draws,       0 Flashes
D84:  0.0400 ROUND  --      49 Draws,       0 Flashes
D85:  0.0800 ROUND  --       2 Draws,       0 Flashes
D86:  0.0080 ROUND  --      34 Draws,       0 Flashes
D87:  0.0236 ROUND  --       0 Draws,     497 Flashes
D88:  0.0236 ROUND  --       0 Draws,      69 Flashes
D89:  0.0512 x 0.0334 RECTANGLE -----       4 Flashes
D90:  0.0315 x 0.0236 RECTANGLE -----      16 Flashes
D91:  0.0236 x 0.0315 RECTANGLE -----       4 Flashes
D92:  0.0413 x 0.0236 RECTANGLE -----       4 Flashes
D93:  0.0079 ROUND  --     492 Draws,       0 Flashes
D94:  0.1420 x 0.0710 RECTANGLE -----       2 Flashes
D95:  0.0118 x 0.0354 RECTANGLE -----      10 Flashes
---------------------------------------------------------
 86 D-Codes      -----   73371 Draws,    5775 Flashes


No warnings or errors.
